Using pre-set license
Built from '2021.3/staging' branch; Version is '2021.3.4f1 (cb45f9cae8b7) revision 13321721'; Using compiler version '192829333'; Build Type 'Release'
OS: 'Windows 10  (10.0.19044) 64bit Core' Language: 'en' Physical Memory: 12203 MB
BatchMode: 1, IsHumanControllingUs: 0, StartBugReporterOnCrash: 0, Is64bit: 1, IsPro: 1

COMMAND LINE ARGUMENTS:
C:\Program Files\Unity\Hub\Editor\2021.3.4f1\Editor\Unity.exe
-adb2
-batchMode
-noUpm
-name
AssetImportWorker0
-projectPath
C:/Users/Nasar Roca Ortega/Documents/GitHub/CatchingChickens
-logFile
Logs/AssetImportWorker0.log
-srvPort
61306
Successfully changed project path to: C:/Users/Nasar Roca Ortega/Documents/GitHub/CatchingChickens
C:/Users/Nasar Roca Ortega/Documents/GitHub/CatchingChickens
[UnityMemory] Configuration Parameters - Can be set up in boot.config
    "memorysetup-bucket-allocator-granularity=16"
    "memorysetup-bucket-allocator-bucket-count=8"
    "memorysetup-bucket-allocator-block-size=33554432"
    "memorysetup-bucket-allocator-block-count=8"
    "memorysetup-main-allocator-block-size=16777216"
    "memorysetup-thread-allocator-block-size=16777216"
    "memorysetup-gfx-main-allocator-block-size=16777216"
    "memorysetup-gfx-thread-allocator-block-size=16777216"
    "memorysetup-cache-allocator-block-size=4194304"
    "memorysetup-typetree-allocator-block-size=2097152"
    "memorysetup-profiler-bucket-allocator-granularity=16"
    "memorysetup-profiler-bucket-allocator-bucket-count=8"
    "memorysetup-profiler-bucket-allocator-block-size=33554432"
    "memorysetup-profiler-bucket-allocator-block-count=8"
    "memorysetup-profiler-allocator-block-size=16777216"
    "memorysetup-profiler-editor-allocator-block-size=1048576"
    "memorysetup-temp-allocator-size-main=16777216"
    "memorysetup-job-temp-allocator-block-size=2097152"
    "memorysetup-job-temp-allocator-block-size-background=1048576"
    "memorysetup-job-temp-allocator-reduction-small-platforms=262144"
    "memorysetup-temp-allocator-size-background-worker=32768"
    "memorysetup-temp-allocator-size-job-worker=262144"
    "memorysetup-temp-allocator-size-preload-manager=33554432"
    "memorysetup-temp-allocator-size-nav-mesh-worker=65536"
    "memorysetup-temp-allocator-size-audio-worker=65536"
    "memorysetup-temp-allocator-size-cloud-worker=32768"
    "memorysetup-temp-allocator-size-gi-baking-worker=262144"
    "memorysetup-temp-allocator-size-gfx=262144"
Refreshing native plugins compatible for Editor in 63.35 ms, found 2 plugins.
Preloading 0 native plugins for Editor in 0.00 ms.
Initialize engine version: 2021.3.4f1 (cb45f9cae8b7)
[Subsystems] Discovering subsystems at path C:/Program Files/Unity/Hub/Editor/2021.3.4f1/Editor/Data/Resources/UnitySubsystems
[Subsystems] Discovering subsystems at path C:/Users/Nasar Roca Ortega/Documents/GitHub/CatchingChickens/Assets
GfxDevice: creating device client; threaded=0; jobified=0
Direct3D:
    Version:  Direct3D 11.0 [level 11.1]
    Renderer: AMD Radeon (TM) R5 M330 (ID=0x6660)
    Vendor:   ATI
    VRAM:     2039 MB
    Driver:   27.20.20903.8001
Initialize mono
Mono path[0] = 'C:/Program Files/Unity/Hub/Editor/2021.3.4f1/Editor/Data/Managed'
Mono path[1] = 'C:/Program Files/Unity/Hub/Editor/2021.3.4f1/Editor/Data/MonoBleedingEdge/lib/mono/unityjit-win32'
Mono config path = 'C:/Program Files/Unity/Hub/Editor/2021.3.4f1/Editor/Data/MonoBleedingEdge/etc'
Using monoOptions --debugger-agent=transport=dt_socket,embedding=1,server=y,suspend=n,address=127.0.0.1:56556
Begin MonoManager ReloadAssembly
Registering precompiled unity dll's ...
Register platform support module: C:/Program Files/Unity/Hub/Editor/2021.3.4f1/Editor/Data/PlaybackEngines/WebGLSupport/UnityEditor.WebGL.Extensions.dll
Register platform support module: C:/Program Files/Unity/Hub/Editor/2021.3.4f1/Editor/Data/PlaybackEngines/WindowsStandaloneSupport/UnityEditor.WindowsStandalone.Extensions.dll
Registered in 0.007305 seconds.
Native extension for WindowsStandalone target not found
Native extension for WebGL target not found
Refreshing native plugins compatible for Editor in 56.98 ms, found 2 plugins.
Preloading 0 native plugins for Editor in 0.00 ms.
Mono: successfully reloaded assembly
- Completed reload, in  0.768 seconds
Domain Reload Profiling:
	ReloadAssembly (769ms)
		BeginReloadAssembly (88ms)
			ExecutionOrderSort (0ms)
			DisableScriptedObjects (0ms)
			BackupInstance (0ms)
			ReleaseScriptingObjects (0ms)
			CreateAndSetChildDomain (1ms)
		EndReloadAssembly (543ms)
			LoadAssemblies (86ms)
			RebuildTransferFunctionScriptingTraits (0ms)
			SetupTypeCache (134ms)
			ReleaseScriptCaches (0ms)
			RebuildScriptCaches (38ms)
			SetupLoadedEditorAssemblies (307ms)
				LogAssemblyErrors (0ms)
				InitializePlatformSupportModulesInManaged (11ms)
				SetLoadedEditorAssemblies (0ms)
				RefreshPlugins (57ms)
				BeforeProcessingInitializeOnLoad (1ms)
				ProcessInitializeOnLoadAttributes (180ms)
				ProcessInitializeOnLoadMethodAttributes (58ms)
				AfterProcessingInitializeOnLoad (0ms)
				EditorAssembliesLoaded (0ms)
			ExecutionOrderSort2 (0ms)
			AwakeInstancesAfterBackupRestoration (0ms)
Platform modules already initialized, skipping
Registering precompiled user dll's ...
Registered in 0.006707 seconds.
Begin MonoManager ReloadAssembly
Native extension for WindowsStandalone target not found
Native extension for WebGL target not found
Refreshing native plugins compatible for Editor in 1.53 ms, found 2 plugins.
Preloading 0 native plugins for Editor in 0.00 ms.
Package Manager log level set to [2]
Mono: successfully reloaded assembly
- Completed reload, in  1.333 seconds
Domain Reload Profiling:
	ReloadAssembly (1334ms)
		BeginReloadAssembly (129ms)
			ExecutionOrderSort (0ms)
			DisableScriptedObjects (7ms)
			BackupInstance (0ms)
			ReleaseScriptingObjects (0ms)
			CreateAndSetChildDomain (23ms)
		EndReloadAssembly (1083ms)
			LoadAssemblies (101ms)
			RebuildTransferFunctionScriptingTraits (0ms)
			SetupTypeCache (248ms)
			ReleaseScriptCaches (1ms)
			RebuildScriptCaches (71ms)
			SetupLoadedEditorAssemblies (603ms)
				LogAssemblyErrors (0ms)
				InitializePlatformSupportModulesInManaged (30ms)
				SetLoadedEditorAssemblies (3ms)
				RefreshPlugins (2ms)
				BeforeProcessingInitializeOnLoad (97ms)
				ProcessInitializeOnLoadAttributes (288ms)
				ProcessInitializeOnLoadMethodAttributes (176ms)
				AfterProcessingInitializeOnLoad (8ms)
				EditorAssembliesLoaded (0ms)
			ExecutionOrderSort2 (0ms)
			AwakeInstancesAfterBackupRestoration (9ms)
Platform modules already initialized, skipping
========================================================================
Worker process is ready to serve import requests
Launched and connected shader compiler UnityShaderCompiler.exe after 0.12 seconds
Refreshing native plugins compatible for Editor in 0.83 ms, found 2 plugins.
Preloading 0 native plugins for Editor in 0.00 ms.
Unloading 2362 Unused Serialized files (Serialized files now loaded: 0)
Unloading 58 unused Assets / (56.3 KB). Loaded Objects now: 2798.
Memory consumption went from 90.3 MB to 90.2 MB.
Total: 14.948700 ms (FindLiveObjects: 0.295100 ms CreateObjectMapping: 0.206200 ms MarkObjects: 14.300800 ms  DeleteObjects: 0.144800 ms)

AssetImportParameters requested are different than current active one (requested -> active):
  custom:video-decoder-ogg-theora: a1e56fd34408186e4bbccfd4996cb3dc -> 
  custom:container-muxer-webm: aa71ff27fc2769a1b78a27578f13a17b -> 
  custom:container-demuxer-webm: 4f35f7cbe854078d1ac9338744f61a02 -> 
  custom:video-encoder-webm-vp8: eb34c28f22e8b96e1ab97ce403110664 -> 
  custom:audio-encoder-webm-vorbis: bf7c407c2cedff20999df2af8eb42d56 -> 
  custom:framework-win-MediaFoundation: 216162199b28c13a410421893ffa2e32 -> 
  custom:container-demuxer-ogg: 62fdf1f143b41e24485cea50d1cbac27 -> 
  custom:video-decoder-webm-vp8: 9c59270c3fd7afecdb556c50c9e8de78 -> 
  custom:audio-decoder-ogg-vorbis: bf7c407c2cedff20999df2af8eb42d56 -> 
========================================================================
Received Import Request.
  Time since last request: 5517.795740 seconds.
  path: Assets/scripts
  artifactKey: Guid(2a541c26a403aea4fa3e16bff2f8e85a) Importer(815301076,1909f56bfc062723c751e8b465ee728b)
Start importing Assets/scripts using Guid(2a541c26a403aea4fa3e16bff2f8e85a) Importer(815301076,1909f56bfc062723c751e8b465ee728b)  -> (artifact id: '33e69eb5619cc5804a523c73dc2d9302') in 0.017371 seconds 
========================================================================
Received Import Request.
  Time since last request: 0.000032 seconds.
  path: Assets/scripts/ChickenDeleater.cs
  artifactKey: Guid(c29b81b52107fdd4aa032c3df9ac064f) Importer(815301076,1909f56bfc062723c751e8b465ee728b)
Start importing Assets/scripts/ChickenDeleater.cs using Guid(c29b81b52107fdd4aa032c3df9ac064f) Importer(815301076,1909f56bfc062723c751e8b465ee728b)  -> (artifact id: '0d5805f8ff10390222020af47807e019') in 0.055600 seconds 
========================================================================
Received Import Request.
  Time since last request: 15.950552 seconds.
  path: Assets/scripts/Chicken.cs
  artifactKey: Guid(7eb9f05fa60eb3b44804bdb9237f23af) Importer(815301076,1909f56bfc062723c751e8b465ee728b)
Start importing Assets/scripts/Chicken.cs using Guid(7eb9f05fa60eb3b44804bdb9237f23af) Importer(815301076,1909f56bfc062723c751e8b465ee728b)  -> (artifact id: 'fb55c0db3ac27074f656429ab45b3408') in 0.012200 seconds 
========================================================================
Received Import Request.
  Time since last request: 295.509562 seconds.
  path: Assets/scripts/SoundManager.cs
  artifactKey: Guid(a0fc10ed850654849bfdd6ba0d1dee7d) Importer(815301076,1909f56bfc062723c751e8b465ee728b)
Start importing Assets/scripts/SoundManager.cs using Guid(a0fc10ed850654849bfdd6ba0d1dee7d) Importer(815301076,1909f56bfc062723c751e8b465ee728b)  -> (artifact id: '3449bb07feac8ae2923ce9fb276dd192') in 0.017459 seconds 
========================================================================
Received Import Request.
  Time since last request: 18.925899 seconds.
  path: Assets/Scenes
  artifactKey: Guid(509a1b279f18d0649ba039c3502b57c3) Importer(815301076,1909f56bfc062723c751e8b465ee728b)
Start importing Assets/Scenes using Guid(509a1b279f18d0649ba039c3502b57c3) Importer(815301076,1909f56bfc062723c751e8b465ee728b)  -> (artifact id: '612b8692215106f4b0c9939a01f15fe7') in 0.016287 seconds 
========================================================================
Received Import Request.
  Time since last request: 1.663484 seconds.
  path: Assets/Scenes/Game.unity
  artifactKey: Guid(28b01497748dc1a4599c1e6bca09c4a1) Importer(815301076,1909f56bfc062723c751e8b465ee728b)
Start importing Assets/Scenes/Game.unity using Guid(28b01497748dc1a4599c1e6bca09c4a1) Importer(815301076,1909f56bfc062723c751e8b465ee728b)  -> (artifact id: 'b68dc9359eaf0c3693ef5048383bb736') in 0.011877 seconds 
========================================================================
Received Prepare
Registering precompiled user dll's ...
Registered in 0.004803 seconds.
Begin MonoManager ReloadAssembly
Native extension for WindowsStandalone target not found
Native extension for WebGL target not found
Refreshing native plugins compatible for Editor in 0.75 ms, found 2 plugins.
Preloading 0 native plugins for Editor in 0.00 ms.
Mono: successfully reloaded assembly
- Completed reload, in  1.515 seconds
Domain Reload Profiling:
	ReloadAssembly (1516ms)
		BeginReloadAssembly (174ms)
			ExecutionOrderSort (0ms)
			DisableScriptedObjects (9ms)
			BackupInstance (0ms)
			ReleaseScriptingObjects (0ms)
			CreateAndSetChildDomain (46ms)
		EndReloadAssembly (1193ms)
			LoadAssemblies (113ms)
			RebuildTransferFunctionScriptingTraits (0ms)
			SetupTypeCache (287ms)
			ReleaseScriptCaches (1ms)
			RebuildScriptCaches (54ms)
			SetupLoadedEditorAssemblies (667ms)
				LogAssemblyErrors (0ms)
				InitializePlatformSupportModulesInManaged (19ms)
				SetLoadedEditorAssemblies (1ms)
				RefreshPlugins (1ms)
				BeforeProcessingInitializeOnLoad (87ms)
				ProcessInitializeOnLoadAttributes (303ms)
				ProcessInitializeOnLoadMethodAttributes (240ms)
				AfterProcessingInitializeOnLoad (15ms)
				EditorAssembliesLoaded (0ms)
			ExecutionOrderSort2 (0ms)
			AwakeInstancesAfterBackupRestoration (14ms)
Platform modules already initialized, skipping
Refreshing native plugins compatible for Editor in 6.82 ms, found 2 plugins.
Preloading 0 native plugins for Editor in 0.00 ms.
Unloading 2356 Unused Serialized files (Serialized files now loaded: 0)
Unloading 47 unused Assets / (25.7 KB). Loaded Objects now: 2801.
Memory consumption went from 90.1 MB to 90.0 MB.
Total: 9.914300 ms (FindLiveObjects: 0.241100 ms CreateObjectMapping: 0.130800 ms MarkObjects: 9.488100 ms  DeleteObjects: 0.052700 ms)

AssetImportParameters requested are different than current active one (requested -> active):
  custom:video-decoder-ogg-theora: a1e56fd34408186e4bbccfd4996cb3dc -> 
  custom:container-muxer-webm: aa71ff27fc2769a1b78a27578f13a17b -> 
  custom:container-demuxer-webm: 4f35f7cbe854078d1ac9338744f61a02 -> 
  custom:video-encoder-webm-vp8: eb34c28f22e8b96e1ab97ce403110664 -> 
  custom:audio-encoder-webm-vorbis: bf7c407c2cedff20999df2af8eb42d56 -> 
  custom:framework-win-MediaFoundation: 216162199b28c13a410421893ffa2e32 -> 
  custom:container-demuxer-ogg: 62fdf1f143b41e24485cea50d1cbac27 -> 
  custom:video-decoder-webm-vp8: 9c59270c3fd7afecdb556c50c9e8de78 -> 
  custom:audio-decoder-ogg-vorbis: bf7c407c2cedff20999df2af8eb42d56 -> 
========================================================================
Received Import Request.
  Time since last request: 201.433951 seconds.
  path: Assets/scripts/AnimalController.cs
  artifactKey: Guid(0d322dfd3f0d550478af11fc98907c39) Importer(815301076,1909f56bfc062723c751e8b465ee728b)
Start importing Assets/scripts/AnimalController.cs using Guid(0d322dfd3f0d550478af11fc98907c39) Importer(815301076,1909f56bfc062723c751e8b465ee728b)  -> (artifact id: 'f0cacbfc5762291a31d3cc793c89d50e') in 0.017620 seconds 
========================================================================
Received Import Request.
  Time since last request: 4.839030 seconds.
  path: Assets/scripts/GoldenChicken.cs
  artifactKey: Guid(87e0fe290e008ab4f8d3894d4e655f48) Importer(815301076,1909f56bfc062723c751e8b465ee728b)
Start importing Assets/scripts/GoldenChicken.cs using Guid(87e0fe290e008ab4f8d3894d4e655f48) Importer(815301076,1909f56bfc062723c751e8b465ee728b)  -> (artifact id: 'ad96c0686e9c639002b83920f105ccb7') in 0.154545 seconds 
========================================================================
Received Import Request.
  Time since last request: 2065.188266 seconds.
  path: Assets/scripts/Timer.cs
  artifactKey: Guid(a86fad1b9b6ce3f4db1e2b9cb398fd93) Importer(815301076,1909f56bfc062723c751e8b465ee728b)
Start importing Assets/scripts/Timer.cs using Guid(a86fad1b9b6ce3f4db1e2b9cb398fd93) Importer(815301076,1909f56bfc062723c751e8b465ee728b)  -> (artifact id: '55ea8f35c74570399f9f1efc72768ca3') in 0.013567 seconds 
========================================================================
Received Import Request.
  Time since last request: 78.934364 seconds.
  path: Assets/scripts/Barnyard.cs
  artifactKey: Guid(7d49c42dd2165b543ae6012a56d39eec) Importer(815301076,1909f56bfc062723c751e8b465ee728b)
Start importing Assets/scripts/Barnyard.cs using Guid(7d49c42dd2165b543ae6012a56d39eec) Importer(815301076,1909f56bfc062723c751e8b465ee728b)  -> (artifact id: '57b0a413bdcc2a650245e8309cf31aeb') in 0.012359 seconds 
========================================================================
Received Import Request.
  Time since last request: 24.419445 seconds.
  path: Assets/scripts/MenuPlayermov2.cs.cs
  artifactKey: Guid(6d07cd852e6dc4040bd91947a2f491c0) Importer(815301076,1909f56bfc062723c751e8b465ee728b)
Start importing Assets/scripts/MenuPlayermov2.cs.cs using Guid(6d07cd852e6dc4040bd91947a2f491c0) Importer(815301076,1909f56bfc062723c751e8b465ee728b)  -> (artifact id: '1725ae5897837719094d8b1d6201d826') in 0.014426 seconds 
========================================================================
Received Import Request.
  Time since last request: 0.502001 seconds.
  path: Assets/scripts/MenuPlayermov1.cs.cs
  artifactKey: Guid(76b54f3765bb9034692a85d7028699ad) Importer(815301076,1909f56bfc062723c751e8b465ee728b)
Start importing Assets/scripts/MenuPlayermov1.cs.cs using Guid(76b54f3765bb9034692a85d7028699ad) Importer(815301076,1909f56bfc062723c751e8b465ee728b)  -> (artifact id: '8340ee0350fa3e376d1ee8d5cd3faa58') in 0.014140 seconds 
========================================================================
Received Import Request.
  Time since last request: 1.307289 seconds.
  path: Assets/scripts/MenuP2.cs
  artifactKey: Guid(9ca778e06067196459c6dd2a504a8635) Importer(815301076,1909f56bfc062723c751e8b465ee728b)
Start importing Assets/scripts/MenuP2.cs using Guid(9ca778e06067196459c6dd2a504a8635) Importer(815301076,1909f56bfc062723c751e8b465ee728b)  -> (artifact id: 'dae429faf4d1199a799c9a36eca5a0f7') in 0.014176 seconds 
========================================================================
Received Import Request.
  Time since last request: 0.731521 seconds.
  path: Assets/scripts/MenuP1.cs
  artifactKey: Guid(986fac00b76822f48881d64f70062423) Importer(815301076,1909f56bfc062723c751e8b465ee728b)
Start importing Assets/scripts/MenuP1.cs using Guid(986fac00b76822f48881d64f70062423) Importer(815301076,1909f56bfc062723c751e8b465ee728b)  -> (artifact id: 'e65f84733043bebc9dde2ac18ef0c88e') in 0.013049 seconds 
========================================================================
Received Import Request.
  Time since last request: 0.509338 seconds.
  path: Assets/scripts/MenuManager.cs
  artifactKey: Guid(05db85441d7e2224ab697daaae2122e4) Importer(815301076,1909f56bfc062723c751e8b465ee728b)
Start importing Assets/scripts/MenuManager.cs using Guid(05db85441d7e2224ab697daaae2122e4) Importer(815301076,1909f56bfc062723c751e8b465ee728b)  -> (artifact id: 'f11015c5a9eecb4a52b0eb53199d1ecb') in 0.010499 seconds 
========================================================================
Received Import Request.
  Time since last request: 1.758884 seconds.
  path: Assets/scripts/GameStateManager.cs
  artifactKey: Guid(177097ee0d84262429929f9fda8415c9) Importer(815301076,1909f56bfc062723c751e8b465ee728b)
Start importing Assets/scripts/GameStateManager.cs using Guid(177097ee0d84262429929f9fda8415c9) Importer(815301076,1909f56bfc062723c751e8b465ee728b)  -> (artifact id: '59b8a1202f5ce7a0c72cdce4a90ea759') in 0.010958 seconds 
========================================================================
Received Import Request.
  Time since last request: 13.095727 seconds.
  path: Assets/scripts/PlayerDetection.cs
  artifactKey: Guid(b9960f52f70dbf44ba4577fd0f817eb6) Importer(815301076,1909f56bfc062723c751e8b465ee728b)
Start importing Assets/scripts/PlayerDetection.cs using Guid(b9960f52f70dbf44ba4577fd0f817eb6) Importer(815301076,1909f56bfc062723c751e8b465ee728b)  -> (artifact id: '55850acc11c03d079329a6d86bba1f7e') in 0.007708 seconds 
========================================================================
Received Import Request.
  Time since last request: 4.603368 seconds.
  path: Assets/scripts/PointSystem.cs
  artifactKey: Guid(2e5343bc74e7a844187d8caea55fa689) Importer(815301076,1909f56bfc062723c751e8b465ee728b)
Start importing Assets/scripts/PointSystem.cs using Guid(2e5343bc74e7a844187d8caea55fa689) Importer(815301076,1909f56bfc062723c751e8b465ee728b)  -> (artifact id: '43cb9845f07bf2e0524728ca7733584f') in 0.008252 seconds 
========================================================================
Received Prepare
Registering precompiled user dll's ...
Registered in 0.008086 seconds.
Begin MonoManager ReloadAssembly
Native extension for WindowsStandalone target not found
Native extension for WebGL target not found
Refreshing native plugins compatible for Editor in 1.04 ms, found 2 plugins.
Preloading 0 native plugins for Editor in 0.00 ms.
Mono: successfully reloaded assembly
- Completed reload, in  2.091 seconds
Domain Reload Profiling:
	ReloadAssembly (2092ms)
		BeginReloadAssembly (203ms)
			ExecutionOrderSort (0ms)
			DisableScriptedObjects (9ms)
			BackupInstance (0ms)
			ReleaseScriptingObjects (0ms)
			CreateAndSetChildDomain (57ms)
		EndReloadAssembly (1709ms)
			LoadAssemblies (127ms)
			RebuildTransferFunctionScriptingTraits (0ms)
			SetupTypeCache (276ms)
			ReleaseScriptCaches (1ms)
			RebuildScriptCaches (64ms)
			SetupLoadedEditorAssemblies (1185ms)
				LogAssemblyErrors (0ms)
				InitializePlatformSupportModulesInManaged (69ms)
				SetLoadedEditorAssemblies (2ms)
				RefreshPlugins (1ms)
				BeforeProcessingInitializeOnLoad (142ms)
				ProcessInitializeOnLoadAttributes (773ms)
				ProcessInitializeOnLoadMethodAttributes (189ms)
				AfterProcessingInitializeOnLoad (8ms)
				EditorAssembliesLoaded (0ms)
			ExecutionOrderSort2 (0ms)
			AwakeInstancesAfterBackupRestoration (9ms)
Platform modules already initialized, skipping
Refreshing native plugins compatible for Editor in 5.76 ms, found 2 plugins.
Preloading 0 native plugins for Editor in 0.00 ms.
Unloading 2356 Unused Serialized files (Serialized files now loaded: 0)
Unloading 47 unused Assets / (25.6 KB). Loaded Objects now: 2804.
Memory consumption went from 90.1 MB to 90.1 MB.
Total: 7.093300 ms (FindLiveObjects: 0.224600 ms CreateObjectMapping: 0.121700 ms MarkObjects: 6.707900 ms  DeleteObjects: 0.037300 ms)

AssetImportParameters requested are different than current active one (requested -> active):
  custom:video-decoder-ogg-theora: a1e56fd34408186e4bbccfd4996cb3dc -> 
  custom:container-muxer-webm: aa71ff27fc2769a1b78a27578f13a17b -> 
  custom:container-demuxer-webm: 4f35f7cbe854078d1ac9338744f61a02 -> 
  custom:video-encoder-webm-vp8: eb34c28f22e8b96e1ab97ce403110664 -> 
  custom:audio-encoder-webm-vorbis: bf7c407c2cedff20999df2af8eb42d56 -> 
  custom:framework-win-MediaFoundation: 216162199b28c13a410421893ffa2e32 -> 
  custom:container-demuxer-ogg: 62fdf1f143b41e24485cea50d1cbac27 -> 
  custom:video-decoder-webm-vp8: 9c59270c3fd7afecdb556c50c9e8de78 -> 
  custom:audio-decoder-ogg-vorbis: bf7c407c2cedff20999df2af8eb42d56 -> 
========================================================================
Received Import Request.
  Time since last request: 237.936020 seconds.
  path: Assets/scripts/DeepTrackingReceiver.cs
  artifactKey: Guid(224bee8655dd1e5428e51c71af7ebf45) Importer(815301076,1909f56bfc062723c751e8b465ee728b)
Start importing Assets/scripts/DeepTrackingReceiver.cs using Guid(224bee8655dd1e5428e51c71af7ebf45) Importer(815301076,1909f56bfc062723c751e8b465ee728b)  -> (artifact id: 'f823734f6b8c390a35e7fcee1ec1e3b6') in 0.012809 seconds 
========================================================================
Received Import Request.
  Time since last request: 33.118591 seconds.
  path: Assets/scripts/Player.cs
  artifactKey: Guid(cd90c1f4591a3a64eb9adca70a6ca99c) Importer(815301076,1909f56bfc062723c751e8b465ee728b)
Start importing Assets/scripts/Player.cs using Guid(cd90c1f4591a3a64eb9adca70a6ca99c) Importer(815301076,1909f56bfc062723c751e8b465ee728b)  -> (artifact id: 'd8ae738cba3b1e82ebf0310e47ad0740') in 0.008131 seconds 
========================================================================
Received Import Request.
  Time since last request: 1.144108 seconds.
  path: Assets/scripts/PlayerBehaviour.cs
  artifactKey: Guid(3974106f74182c54dace6b00a309c5d0) Importer(815301076,1909f56bfc062723c751e8b465ee728b)
Start importing Assets/scripts/PlayerBehaviour.cs using Guid(3974106f74182c54dace6b00a309c5d0) Importer(815301076,1909f56bfc062723c751e8b465ee728b)  -> (artifact id: '477ce581d17f6a9518c252202cce25fd') in 0.010023 seconds 
========================================================================
Received Import Request.
  Time since last request: 6.039541 seconds.
  path: Assets/scripts/UIManager.cs
  artifactKey: Guid(bc65c6d11fed9ae488d460325fdce242) Importer(815301076,1909f56bfc062723c751e8b465ee728b)
Start importing Assets/scripts/UIManager.cs using Guid(bc65c6d11fed9ae488d460325fdce242) Importer(815301076,1909f56bfc062723c751e8b465ee728b)  -> (artifact id: '0a180d9c91706079b90bd4d917471b59') in 0.007038 seconds 
========================================================================
Received Import Request.
  Time since last request: 16.296988 seconds.
  path: Assets/scripts/utilities
  artifactKey: Guid(565b52da2be88db40937d8ebe945e291) Importer(815301076,1909f56bfc062723c751e8b465ee728b)
Start importing Assets/scripts/utilities using Guid(565b52da2be88db40937d8ebe945e291) Importer(815301076,1909f56bfc062723c751e8b465ee728b)  -> (artifact id: 'e12db247b808ee8dcd11084e330bfd4b') in 0.011882 seconds 
========================================================================
Received Import Request.
  Time since last request: 5.103072 seconds.
  path: Assets/scripts/utilities/utility tracking for unity
  artifactKey: Guid(57f6db259ae3f0e4fa2c657d368a70a0) Importer(815301076,1909f56bfc062723c751e8b465ee728b)
Start importing Assets/scripts/utilities/utility tracking for unity using Guid(57f6db259ae3f0e4fa2c657d368a70a0) Importer(815301076,1909f56bfc062723c751e8b465ee728b)  -> (artifact id: '8f3390695d755b6eb355e2d77f26fecf') in 0.012123 seconds 
========================================================================
Received Import Request.
  Time since last request: 207.665882 seconds.
  path: Assets/scripts/Chicken.cs
  artifactKey: Guid(7eb9f05fa60eb3b44804bdb9237f23af) Importer(815301076,1909f56bfc062723c751e8b465ee728b)
Start importing Assets/scripts/Chicken.cs using Guid(7eb9f05fa60eb3b44804bdb9237f23af) Importer(815301076,1909f56bfc062723c751e8b465ee728b)  -> (artifact id: '196fa5df46be32700b86fe99272bcc0c') in 0.002549 seconds 
========================================================================
Received Import Request.
  Time since last request: 150.794246 seconds.
  path: Assets/scripts/Chicken.cs
  artifactKey: Guid(7eb9f05fa60eb3b44804bdb9237f23af) Importer(815301076,1909f56bfc062723c751e8b465ee728b)
Start importing Assets/scripts/Chicken.cs using Guid(7eb9f05fa60eb3b44804bdb9237f23af) Importer(815301076,1909f56bfc062723c751e8b465ee728b)  -> (artifact id: '6254e6e389cd4de9e1b14ffc8aa6d5d6') in 0.007538 seconds 
========================================================================
Received Prepare
Registering precompiled user dll's ...
Registered in 0.010481 seconds.
Begin MonoManager ReloadAssembly
Native extension for WindowsStandalone target not found
Native extension for WebGL target not found
Refreshing native plugins compatible for Editor in 0.72 ms, found 2 plugins.
Preloading 0 native plugins for Editor in 0.00 ms.
Mono: successfully reloaded assembly
- Completed reload, in  1.900 seconds
Domain Reload Profiling:
	ReloadAssembly (1902ms)
		BeginReloadAssembly (191ms)
			ExecutionOrderSort (0ms)
			DisableScriptedObjects (10ms)
			BackupInstance (0ms)
			ReleaseScriptingObjects (0ms)
			CreateAndSetChildDomain (47ms)
		EndReloadAssembly (1520ms)
			LoadAssemblies (125ms)
			RebuildTransferFunctionScriptingTraits (0ms)
			SetupTypeCache (325ms)
			ReleaseScriptCaches (1ms)
			RebuildScriptCaches (98ms)
			SetupLoadedEditorAssemblies (870ms)
				LogAssemblyErrors (0ms)
				InitializePlatformSupportModulesInManaged (23ms)
				SetLoadedEditorAssemblies (1ms)
				RefreshPlugins (1ms)
				BeforeProcessingInitializeOnLoad (73ms)
				ProcessInitializeOnLoadAttributes (511ms)
				ProcessInitializeOnLoadMethodAttributes (252ms)
				AfterProcessingInitializeOnLoad (9ms)
				EditorAssembliesLoaded (0ms)
			ExecutionOrderSort2 (0ms)
			AwakeInstancesAfterBackupRestoration (10ms)
Platform modules already initialized, skipping
Refreshing native plugins compatible for Editor in 16.74 ms, found 2 plugins.
Preloading 0 native plugins for Editor in 0.00 ms.
Unloading 2356 Unused Serialized files (Serialized files now loaded: 0)
Unloading 47 unused Assets / (25.7 KB). Loaded Objects now: 2807.
Memory consumption went from 90.1 MB to 90.1 MB.
Total: 50.226800 ms (FindLiveObjects: 1.324200 ms CreateObjectMapping: 0.365300 ms MarkObjects: 48.476400 ms  DeleteObjects: 0.058900 ms)

AssetImportParameters requested are different than current active one (requested -> active):
  custom:video-decoder-ogg-theora: a1e56fd34408186e4bbccfd4996cb3dc -> 
  custom:container-muxer-webm: aa71ff27fc2769a1b78a27578f13a17b -> 
  custom:container-demuxer-webm: 4f35f7cbe854078d1ac9338744f61a02 -> 
  custom:video-encoder-webm-vp8: eb34c28f22e8b96e1ab97ce403110664 -> 
  custom:audio-encoder-webm-vorbis: bf7c407c2cedff20999df2af8eb42d56 -> 
  custom:framework-win-MediaFoundation: 216162199b28c13a410421893ffa2e32 -> 
  custom:container-demuxer-ogg: 62fdf1f143b41e24485cea50d1cbac27 -> 
  custom:video-decoder-webm-vp8: 9c59270c3fd7afecdb556c50c9e8de78 -> 
  custom:audio-decoder-ogg-vorbis: bf7c407c2cedff20999df2af8eb42d56 -> 
========================================================================
Received Import Request.
  Time since last request: 30.976226 seconds.
  path: Assets/scripts/Chicken.cs
  artifactKey: Guid(7eb9f05fa60eb3b44804bdb9237f23af) Importer(815301076,1909f56bfc062723c751e8b465ee728b)
Start importing Assets/scripts/Chicken.cs using Guid(7eb9f05fa60eb3b44804bdb9237f23af) Importer(815301076,1909f56bfc062723c751e8b465ee728b)  -> (artifact id: '6715d7ed5e7df2dc989ec6ef5432abfc') in 0.012367 seconds 
========================================================================
Received Prepare
Registering precompiled user dll's ...
Registered in 0.004916 seconds.
Begin MonoManager ReloadAssembly
Native extension for WindowsStandalone target not found
Native extension for WebGL target not found
Refreshing native plugins compatible for Editor in 1.16 ms, found 2 plugins.
Preloading 0 native plugins for Editor in 0.00 ms.
Mono: successfully reloaded assembly
- Completed reload, in  1.488 seconds
Domain Reload Profiling:
	ReloadAssembly (1489ms)
		BeginReloadAssembly (189ms)
			ExecutionOrderSort (0ms)
			DisableScriptedObjects (11ms)
			BackupInstance (0ms)
			ReleaseScriptingObjects (0ms)
			CreateAndSetChildDomain (42ms)
		EndReloadAssembly (1117ms)
			LoadAssemblies (134ms)
			RebuildTransferFunctionScriptingTraits (0ms)
			SetupTypeCache (266ms)
			ReleaseScriptCaches (1ms)
			RebuildScriptCaches (61ms)
			SetupLoadedEditorAssemblies (613ms)
				LogAssemblyErrors (0ms)
				InitializePlatformSupportModulesInManaged (18ms)
				SetLoadedEditorAssemblies (1ms)
				RefreshPlugins (1ms)
				BeforeProcessingInitializeOnLoad (86ms)
				ProcessInitializeOnLoadAttributes (300ms)
				ProcessInitializeOnLoadMethodAttributes (199ms)
				AfterProcessingInitializeOnLoad (8ms)
				EditorAssembliesLoaded (0ms)
			ExecutionOrderSort2 (0ms)
			AwakeInstancesAfterBackupRestoration (9ms)
Platform modules already initialized, skipping
Refreshing native plugins compatible for Editor in 8.15 ms, found 2 plugins.
Preloading 0 native plugins for Editor in 0.00 ms.
Unloading 2356 Unused Serialized files (Serialized files now loaded: 0)
Unloading 47 unused Assets / (25.7 KB). Loaded Objects now: 2810.
Memory consumption went from 90.1 MB to 90.1 MB.
Total: 7.149700 ms (FindLiveObjects: 0.235600 ms CreateObjectMapping: 0.128000 ms MarkObjects: 6.747100 ms  DeleteObjects: 0.037300 ms)

AssetImportParameters requested are different than current active one (requested -> active):
  custom:video-decoder-ogg-theora: a1e56fd34408186e4bbccfd4996cb3dc -> 
  custom:container-muxer-webm: aa71ff27fc2769a1b78a27578f13a17b -> 
  custom:container-demuxer-webm: 4f35f7cbe854078d1ac9338744f61a02 -> 
  custom:video-encoder-webm-vp8: eb34c28f22e8b96e1ab97ce403110664 -> 
  custom:audio-encoder-webm-vorbis: bf7c407c2cedff20999df2af8eb42d56 -> 
  custom:framework-win-MediaFoundation: 216162199b28c13a410421893ffa2e32 -> 
  custom:container-demuxer-ogg: 62fdf1f143b41e24485cea50d1cbac27 -> 
  custom:video-decoder-webm-vp8: 9c59270c3fd7afecdb556c50c9e8de78 -> 
  custom:audio-decoder-ogg-vorbis: bf7c407c2cedff20999df2af8eb42d56 -> 
========================================================================
Received Prepare
Registering precompiled user dll's ...
Registered in 0.005520 seconds.
Begin MonoManager ReloadAssembly
Native extension for WindowsStandalone target not found
Native extension for WebGL target not found
Refreshing native plugins compatible for Editor in 0.95 ms, found 2 plugins.
Preloading 0 native plugins for Editor in 0.00 ms.
Mono: successfully reloaded assembly
- Completed reload, in  1.604 seconds
Domain Reload Profiling:
	ReloadAssembly (1604ms)
		BeginReloadAssembly (182ms)
			ExecutionOrderSort (0ms)
			DisableScriptedObjects (9ms)
			BackupInstance (0ms)
			ReleaseScriptingObjects (0ms)
			CreateAndSetChildDomain (51ms)
		EndReloadAssembly (1273ms)
			LoadAssemblies (115ms)
			RebuildTransferFunctionScriptingTraits (0ms)
			SetupTypeCache (303ms)
			ReleaseScriptCaches (1ms)
			RebuildScriptCaches (55ms)
			SetupLoadedEditorAssemblies (726ms)
				LogAssemblyErrors (0ms)
				InitializePlatformSupportModulesInManaged (29ms)
				SetLoadedEditorAssemblies (1ms)
				RefreshPlugins (1ms)
				BeforeProcessingInitializeOnLoad (100ms)
				ProcessInitializeOnLoadAttributes (354ms)
				ProcessInitializeOnLoadMethodAttributes (231ms)
				AfterProcessingInitializeOnLoad (10ms)
				EditorAssembliesLoaded (0ms)
			ExecutionOrderSort2 (0ms)
			AwakeInstancesAfterBackupRestoration (12ms)
Platform modules already initialized, skipping
Refreshing native plugins compatible for Editor in 7.37 ms, found 2 plugins.
Preloading 0 native plugins for Editor in 0.00 ms.
Unloading 2356 Unused Serialized files (Serialized files now loaded: 0)
Unloading 47 unused Assets / (25.6 KB). Loaded Objects now: 2813.
Memory consumption went from 90.1 MB to 90.1 MB.
Total: 8.613900 ms (FindLiveObjects: 0.558400 ms CreateObjectMapping: 0.378300 ms MarkObjects: 7.639100 ms  DeleteObjects: 0.036700 ms)

AssetImportParameters requested are different than current active one (requested -> active):
  custom:video-decoder-ogg-theora: a1e56fd34408186e4bbccfd4996cb3dc -> 
  custom:container-muxer-webm: aa71ff27fc2769a1b78a27578f13a17b -> 
  custom:container-demuxer-webm: 4f35f7cbe854078d1ac9338744f61a02 -> 
  custom:video-encoder-webm-vp8: eb34c28f22e8b96e1ab97ce403110664 -> 
  custom:audio-encoder-webm-vorbis: bf7c407c2cedff20999df2af8eb42d56 -> 
  custom:framework-win-MediaFoundation: 216162199b28c13a410421893ffa2e32 -> 
  custom:container-demuxer-ogg: 62fdf1f143b41e24485cea50d1cbac27 -> 
  custom:video-decoder-webm-vp8: 9c59270c3fd7afecdb556c50c9e8de78 -> 
  custom:audio-decoder-ogg-vorbis: bf7c407c2cedff20999df2af8eb42d56 -> 
========================================================================
Received Import Request.
  Time since last request: 390.520959 seconds.
  path: Assets/scripts/Fox.cs
  artifactKey: Guid(29147d24d98b2914aaf44793d0d9d179) Importer(815301076,1909f56bfc062723c751e8b465ee728b)
Start importing Assets/scripts/Fox.cs using Guid(29147d24d98b2914aaf44793d0d9d179) Importer(815301076,1909f56bfc062723c751e8b465ee728b)  -> (artifact id: 'efc994319e25e8e7b97cde50f4f8b927') in 0.011962 seconds 
